<?xml version="1.0" encoding="UTF-8"?>
<!-- Generated by org.testng.reporters.JUnitXMLReporter -->
<testsuite hostname="fedora" ignored="2" name="Smoke Test Demo" tests="3" failures="3" timestamp="19 Jun 2017 22:55:17 GMT" time="0.038" errors="0">
  <testcase name="tc02VerifyLaunchPage" time="0.011" classname="example.GroupTestNGClass1">
    <failure type="java.lang.NullPointerException">
      <![CDATA[java.lang.NullPointerException
	at example.GroupTestNGClass1.tc02VerifyLaunchPage(GroupTestNGClass1.java:36)
... Removed 25 stack frames]]>
    </failure>
  </testcase> <!-- tc02VerifyLaunchPage -->
  <testcase name="tc03EnterCredentials" time="0.002" classname="example.GroupTestNGClass1">
    <failure type="java.lang.NullPointerException">
      <![CDATA[java.lang.NullPointerException
	at example.GroupTestNGClass1.tc03EnterCredentials(GroupTestNGClass1.java:43)
... Removed 25 stack frames]]>
    </failure>
  </testcase> <!-- tc03EnterCredentials -->
  <testcase name="tc04VerifyLoggedInPage" time="0.002" classname="example.GroupTestNGClass1">
    <failure type="java.lang.NullPointerException">
      <![CDATA[java.lang.NullPointerException
	at example.GroupTestNGClass1.tc04VerifyLoggedInPage(GroupTestNGClass1.java:51)
... Removed 25 stack frames]]>
    </failure>
  </testcase> <!-- tc04VerifyLoggedInPage -->
  <testcase name="tc05VerifyIfHyperLink" time="0.0" classname="example.GroupTestNGClass1">
    <ignored/>
  </testcase> <!-- tc05VerifyIfHyperLink -->
  <testcase name="tc01LaunchURL" time="0.0" classname="example.GroupTestNGClass1">
    <ignored/>
  </testcase> <!-- tc01LaunchURL -->
</testsuite> <!-- Smoke Test Demo -->
